<?xml version="1.0" encoding="UTF-8"?>
<!-- Generated by org.testng.reporters.JUnitXMLReporter -->
<testsuite ignored="0" hostname="IBM-PF2R5M48" failures="0" tests="1" name="Test-0" time="12.327" errors="0" timestamp="2023-07-17T15:42:20 IST">
  <testcase classname="browsertestpackage.TestDemo" name="titleCheck" time="10.855"/>
</testsuite> <!-- Test-0 -->
