<?xml version="1.0" encoding="UTF-8"?>
<!-- Generated by org.testng.reporters.JUnitXMLReporter -->
<testsuite ignored="0" hostname="IBM-PF2R5M48" failures="0" tests="1" name="Test-2" time="9.361" errors="0" timestamp="2023-07-17T15:42:17 IST">
  <testcase classname="browsertestpackage.TestDemo" name="titleCheck" time="7.971"/>
</testsuite> <!-- Test-2 -->
