<?xml version="1.0" encoding="UTF-8"?>
<!-- Generated by org.testng.reporters.JUnitReportReporter -->
<testsuite hostname="IBM-PF2R5M48" failures="0" tests="3" name="browsertestpackage.TestDemo" time="28.719" errors="0" timestamp="2023-07-17T15:42:20 IST" skipped="0">
  <testcase classname="browsertestpackage.TestDemo" name="titleCheck" time="7.971"/>
  <testcase classname="browsertestpackage.TestDemo" name="titleCheck" time="10.855"/>
  <testcase classname="browsertestpackage.TestDemo" name="titleCheck" time="9.893"/>
</testsuite> <!-- browsertestpackage.TestDemo -->
